0 info it worked if it ends with ok
1 verbose cli [ '/usr/local/bin/node',
1 verbose cli   '/usr/local/bin/npm',
1 verbose cli   'install',
1 verbose cli   '-g',
1 verbose cli   '0.10.0' ]
2 info using npm@2.9.1
3 info using node@v0.13.0-pre
4 verbose install initial load of /usr/local/lib/package.json
5 verbose readDependencies loading dependencies from /usr/local/lib/package.json
6 silly cache add args [ '0.10.0', null ]
7 verbose cache add spec 0.10.0
8 silly cache add parsed spec { raw: '0.10.0',
8 silly cache add   scope: null,
8 silly cache add   name: '0.10.0',
8 silly cache add   rawSpec: '',
8 silly cache add   spec: '*',
8 silly cache add   type: 'range' }
9 silly addNamed 0.10.0@*
10 verbose addNamed "*" is a valid semver range for 0.10.0
11 silly addNameRange { name: '0.10.0', range: '*', hasData: false }
12 silly mapToRegistry name 0.10.0
13 silly mapToRegistry using default registry
14 silly mapToRegistry registry https://registry.npmjs.org/
15 silly mapToRegistry uri https://registry.npmjs.org/0.10.0
16 verbose addNameRange registry:https://registry.npmjs.org/0.10.0 not in flight; fetching
17 verbose request uri https://registry.npmjs.org/0.10.0
18 verbose request no auth needed
19 info attempt registry request try #1 at 05:24:50
20 verbose request id bbf8603a182eb8f8
21 http request GET https://registry.npmjs.org/0.10.0
22 http 404 https://registry.npmjs.org/0.10.0
23 verbose headers { 'content-type': 'application/json',
23 verbose headers   'cache-control': 'max-age=0',
23 verbose headers   'content-length': '2',
23 verbose headers   'accept-ranges': 'bytes',
23 verbose headers   date: 'Sat, 22 Aug 2015 12:24:51 GMT',
23 verbose headers   via: '1.1 varnish',
23 verbose headers   age: '0',
23 verbose headers   connection: 'keep-alive',
23 verbose headers   'x-served-by': 'cache-itm7421-ITM',
23 verbose headers   'x-cache': 'MISS',
23 verbose headers   'x-cache-hits': '0',
23 verbose headers   'x-timer': 'S1440246290.699067,VS0,VE601' }
24 silly get cb [ 404,
24 silly get   { 'content-type': 'application/json',
24 silly get     'cache-control': 'max-age=0',
24 silly get     'content-length': '2',
24 silly get     'accept-ranges': 'bytes',
24 silly get     date: 'Sat, 22 Aug 2015 12:24:51 GMT',
24 silly get     via: '1.1 varnish',
24 silly get     age: '0',
24 silly get     connection: 'keep-alive',
24 silly get     'x-served-by': 'cache-itm7421-ITM',
24 silly get     'x-cache': 'MISS',
24 silly get     'x-cache-hits': '0',
24 silly get     'x-timer': 'S1440246290.699067,VS0,VE601' } ]
25 verbose stack Error: Registry returned 404 for GET on https://registry.npmjs.org/0.10.0
25 verbose stack     at CachingRegistryClient.<anonymous> (/usr/local/lib/node_modules/npm/node_modules/npm-registry-client/lib/request.js:239:14)
25 verbose stack     at Request._callback (/usr/local/lib/node_modules/npm/node_modules/npm-registry-client/lib/request.js:170:14)
25 verbose stack     at Request.self.callback (/usr/local/lib/node_modules/npm/node_modules/request/request.js:368:22)
25 verbose stack     at Request.emit (events.js:112:17)
25 verbose stack     at Request.<anonymous> (/usr/local/lib/node_modules/npm/node_modules/request/request.js:1219:14)
25 verbose stack     at Request.emit (events.js:131:20)
25 verbose stack     at IncomingMessage.<anonymous> (/usr/local/lib/node_modules/npm/node_modules/request/request.js:1167:12)
25 verbose stack     at IncomingMessage.emit (events.js:131:20)
25 verbose stack     at _stream_readable.js:910:16
25 verbose stack     at process._tickCallback (node.js:358:11)
26 verbose statusCode 404
27 verbose pkgid 0.10.0
28 verbose cwd /home/jiangqianghua/Desktop/workspace/node/usermanage
29 error Linux 3.8.0-19-generic
30 error argv "/usr/local/bin/node" "/usr/local/bin/npm" "install" "-g" "0.10.0"
31 error node v0.13.0-pre
32 error npm  v2.9.1
33 error code E404
34 error 404 Registry returned 404 for GET on https://registry.npmjs.org/0.10.0
34 error 404
34 error 404 '0.10.0' is not in the npm registry.
34 error 404 You should bug the author to publish it (or use the name yourself!)
34 error 404
34 error 404 Note that you can also install from a
34 error 404 tarball, folder, http url, or git url.
35 verbose exit [ 1, true ]
